{
  "stats": {
    "suites": 1,
    "tests": 1,
    "passes": 1,
    "pending": 0,
    "failures": 0,
    "start": "2021-01-09T03:36:57.361Z",
    "end": "2021-01-09T03:36:57.471Z",
    "duration": 110,
    "testsRegistered": 1,
    "passPercent": 100,
    "pendingPercent": 0,
    "other": 0,
    "hasOther": false,
    "skipped": 0,
    "hasSkipped": false
  },
  "results": [
    {
      "uuid": "82ff25be-4e55-456c-a807-e0ef19474e4d",
      "title": "",
      "fullFile": "cypress/integration/test/ui/pfe-e2e-test.spec.ts",
      "file": "cypress/integration/test/ui/pfe-e2e-test.spec.ts",
      "beforeHooks": [],
      "afterHooks": [],
      "tests": [],
      "suites": [
        {
          "uuid": "277ff08c-f4cf-4ca5-bddf-6a2c23693bb1",
          "title": "Successfully create Adultery case using PFE",
          "fullFile": "",
          "file": "",
          "beforeHooks": [],
          "afterHooks": [],
          "tests": [
            {
              "title": "Successfully create basic Adultery case using PFE",
              "fullTitle": "Successfully create Adultery case using PFE Successfully create basic Adultery case using PFE",
              "timedOut": null,
              "duration": 78,
              "state": "passed",
              "speed": "slow",
              "pass": true,
              "fail": false,
              "pending": false,
              "context": null,
              "code": "return __awaiter(void 0, void 0, void 0, function () {\n        return __generator(this, function (_a) {\n            pbasic.basicAdulteryCase();\n            exuiLoginPg.openCcdAatUrl();\n            exuiLoginPg.enterCcdBetaUserID();\n            exuiLoginPg.enterPassword();\n            exuiLoginPg.clickSubmitButton();\n            cy.log('##########[' + pfeCaseId.ccdAatCaseId + ']##########');\n            cy.visit(\"\" + Cypress.env(\"ccdAatUrl\") + '/case-details/' + pfeCaseId.ccdAatCaseId);\n            cy.reload(true);\n            return [2 /*return*/];\n        });\n    });",
              "err": {},
              "uuid": "f46d016c-0cb7-402d-810a-721b8ab22da6",
              "parentUUID": "277ff08c-f4cf-4ca5-bddf-6a2c23693bb1",
              "isHook": false,
              "skipped": false
            }
          ],
          "suites": [],
          "passes": [
            "f46d016c-0cb7-402d-810a-721b8ab22da6"
          ],
          "failures": [],
          "pending": [],
          "skipped": [],
          "duration": 78,
          "root": false,
          "rootEmpty": false,
          "_timeout": 2000
        }
      ],
      "passes": [],
      "failures": [],
      "pending": [],
      "skipped": [],
      "duration": 0,
      "root": true,
      "rootEmpty": true,
      "_timeout": 2000
    }
  ],
  "meta": {
    "mocha": {
      "version": "7.0.1"
    },
    "mochawesome": {
      "options": {
        "quiet": false,
        "reportFilename": "mochawesome",
        "saveHtml": true,
        "saveJson": true,
        "consoleReporter": "spec",
        "useInlineDiffs": false,
        "code": true
      },
      "version": "6.2.1"
    },
    "marge": {
      "options": {
        "id": "default",
        "reportDir": "cypress/reports/mocha",
        "quite": true,
        "overwrite": false,
        "html": true,
        "json": true
      },
      "version": "5.1.0"
    }
  }
}