{
  "stats": {
    "suites": 3,
    "tests": 3,
    "passes": 2,
    "pending": 0,
    "failures": 1,
    "start": "2021-01-09T03:36:43.526Z",
    "end": "2021-01-09T03:36:57.471Z",
    "duration": 476,
    "testsRegistered": 3,
    "passPercent": 66.66666666666667,
    "pendingPercent": 0,
    "other": 0,
    "hasOther": false,
    "skipped": 0,
    "hasSkipped": false
  },
  "results": [
    {
      "uuid": "22acf03f-2cad-4295-815c-b208a66ca83c",
      "title": "",
      "fullFile": "cypress/integration/test/api/create_idam_user.spec.ts",
      "file": "cypress/integration/test/api/create_idam_user.spec.ts",
      "beforeHooks": [],
      "afterHooks": [],
      "tests": [],
      "suites": [
        {
          "uuid": "22cef1bb-7ae2-4f30-a207-550609d4f44c",
          "title": "Crearte User with API",
          "fullFile": "",
          "file": "",
          "beforeHooks": [],
          "afterHooks": [],
          "tests": [
            {
              "title": "successfully create IDAM User using API",
              "fullTitle": "Crearte User with API successfully create IDAM User using API",
              "timedOut": null,
              "duration": 354,
              "state": "failed",
              "speed": null,
              "pass": false,
              "fail": true,
              "pending": false,
              "context": null,
              "code": "cy.log(\"\\\"Before API request user email ID :--> (\\\"\" + testEmail + \"\\\")\\\"\");\ncy.request('POST', \"\" + apiCreateUserUrl, {\n    'email': \"\" + testEmail,\n    'forename': 'PFE TEST',\n    'surname': 'TEST',\n    'password': \"\" + Cypress.env(\"password\"),\n    'roles': [{\n            'code': 'citizen'\n        }]\n}).then(function (response) {\n    expect(response.status).to.eq(201);\n});\ncy.log(\"\\\"After AIP request user email :--> (\\\"\" + testEmail + \"\\\")\\\"\");",
              "err": {
                "message": "CypressError: `cy.request()` must be provided a fully qualified `url` - one that begins with `http`. By default `cy.request()` will use either the current window's origin or the `baseUrl` in `/Users/Shared/SumitWorking/CurrentWorking/cypress-automation-typescript-POM/cypress.json`. Neither of those values were present.\n\nhttps://on.cypress.io/request",
                "estack": "CypressError: `cy.request()` must be provided a fully qualified `url` - one that begins with `http`. By default `cy.request()` will use either the current window's origin or the `baseUrl` in `/Users/Shared/SumitWorking/CurrentWorking/cypress-automation-typescript-POM/cypress.json`. Neither of those values were present.\n\nhttps://on.cypress.io/request\n    at Context.request (http://localhost:61582/__cypress/runner/cypress_runner.js:158904:19)\nFrom Your Spec Code:\n    at Context.eval (http://localhost:61582/__cypress/tests?p=cypress/integration/test/api/create_idam_user.spec.ts:107:12)",
                "diff": null
              },
              "uuid": "26252b33-2063-44b6-ada3-219a17deb7b4",
              "parentUUID": "22cef1bb-7ae2-4f30-a207-550609d4f44c",
              "isHook": false,
              "skipped": false
            }
          ],
          "suites": [],
          "passes": [],
          "failures": [
            "26252b33-2063-44b6-ada3-219a17deb7b4"
          ],
          "pending": [],
          "skipped": [],
          "duration": 354,
          "root": false,
          "rootEmpty": false,
          "_timeout": 2000
        }
      ],
      "passes": [],
      "failures": [],
      "pending": [],
      "skipped": [],
      "duration": 0,
      "root": true,
      "rootEmpty": true,
      "_timeout": 2000
    },
    {
      "uuid": "f6f487f9-8221-44c9-9e7e-aa37141b7486",
      "title": "",
      "fullFile": "cypress/integration/test/ui/pfe_create_user.spec.ts",
      "file": "cypress/integration/test/ui/pfe_create_user.spec.ts",
      "beforeHooks": [],
      "afterHooks": [],
      "tests": [],
      "suites": [
        {
          "uuid": "181d72e8-8d5f-4968-8ff6-d4d65680b1be",
          "title": "Successfully create PFE/RFE user",
          "fullFile": "",
          "file": "",
          "beforeHooks": [],
          "afterHooks": [],
          "tests": [
            {
              "title": "Successfully create PFE/RFE user",
              "fullTitle": "Successfully create PFE/RFE user Successfully create PFE/RFE user",
              "timedOut": null,
              "duration": 44,
              "state": "passed",
              "speed": "medium",
              "pass": true,
              "fail": false,
              "pending": false,
              "context": null,
              "code": "return __awaiter(void 0, void 0, void 0, function () {\n        return __generator(this, function (_a) {\n            ccdCaseId = pfeCreateUser.createAatIdamUser();\n            return [2 /*return*/];\n        });\n    });",
              "err": {},
              "uuid": "2d4008fc-fa5a-454d-8c00-a76b0dd99ba4",
              "parentUUID": "181d72e8-8d5f-4968-8ff6-d4d65680b1be",
              "isHook": false,
              "skipped": false
            }
          ],
          "suites": [],
          "passes": [
            "2d4008fc-fa5a-454d-8c00-a76b0dd99ba4"
          ],
          "failures": [],
          "pending": [],
          "skipped": [],
          "duration": 44,
          "root": false,
          "rootEmpty": false,
          "_timeout": 2000
        }
      ],
      "passes": [],
      "failures": [],
      "pending": [],
      "skipped": [],
      "duration": 0,
      "root": true,
      "rootEmpty": true,
      "_timeout": 2000
    },
    {
      "uuid": "82ff25be-4e55-456c-a807-e0ef19474e4d",
      "title": "",
      "fullFile": "cypress/integration/test/ui/pfe-e2e-test.spec.ts",
      "file": "cypress/integration/test/ui/pfe-e2e-test.spec.ts",
      "beforeHooks": [],
      "afterHooks": [],
      "tests": [],
      "suites": [
        {
          "uuid": "277ff08c-f4cf-4ca5-bddf-6a2c23693bb1",
          "title": "Successfully create Adultery case using PFE",
          "fullFile": "",
          "file": "",
          "beforeHooks": [],
          "afterHooks": [],
          "tests": [
            {
              "title": "Successfully create basic Adultery case using PFE",
              "fullTitle": "Successfully create Adultery case using PFE Successfully create basic Adultery case using PFE",
              "timedOut": null,
              "duration": 78,
              "state": "passed",
              "speed": "slow",
              "pass": true,
              "fail": false,
              "pending": false,
              "context": null,
              "code": "return __awaiter(void 0, void 0, void 0, function () {\n        return __generator(this, function (_a) {\n            pbasic.basicAdulteryCase();\n            exuiLoginPg.openCcdAatUrl();\n            exuiLoginPg.enterCcdBetaUserID();\n            exuiLoginPg.enterPassword();\n            exuiLoginPg.clickSubmitButton();\n            cy.log('##########[' + pfeCaseId.ccdAatCaseId + ']##########');\n            cy.visit(\"\" + Cypress.env(\"ccdAatUrl\") + '/case-details/' + pfeCaseId.ccdAatCaseId);\n            cy.reload(true);\n            return [2 /*return*/];\n        });\n    });",
              "err": {},
              "uuid": "f46d016c-0cb7-402d-810a-721b8ab22da6",
              "parentUUID": "277ff08c-f4cf-4ca5-bddf-6a2c23693bb1",
              "isHook": false,
              "skipped": false
            }
          ],
          "suites": [],
          "passes": [
            "f46d016c-0cb7-402d-810a-721b8ab22da6"
          ],
          "failures": [],
          "pending": [],
          "skipped": [],
          "duration": 78,
          "root": false,
          "rootEmpty": false,
          "_timeout": 2000
        }
      ],
      "passes": [],
      "failures": [],
      "pending": [],
      "skipped": [],
      "duration": 0,
      "root": true,
      "rootEmpty": true,
      "_timeout": 2000
    }
  ],
  "meta": {
    "mocha": {
      "version": "7.0.1"
    },
    "mochawesome": {
      "options": {
        "quiet": false,
        "reportFilename": "mochawesome",
        "saveHtml": true,
        "saveJson": true,
        "consoleReporter": "spec",
        "useInlineDiffs": false,
        "code": true
      },
      "version": "6.2.1"
    },
    "marge": {
      "options": {
        "id": "default",
        "reportDir": "cypress/reports/mocha",
        "quite": true,
        "overwrite": false,
        "html": true,
        "json": true
      },
      "version": "5.1.0"
    }
  }
}